2025-07-30 07:52:31.878 | SUCCESS  | core.logging_manager:_setup_loguru_file_sink:81 - Файловый логгер настроен. Уровень: DEBUG. Файл: /home/soverx/SwiftDevBot/project_data/Logs/2025/07-July/30/04_sdb.log
2025-07-30 07:52:31.891 | INFO     | core.logging_manager:initialize_logging:175 - Задача _hourly_log_rotation_check добавлена в планировщик (ежечасно).
2025-07-30 07:52:31.892 | INFO     | core.logging_manager:initialize_logging:177 - Задача _cleanup_old_logs добавлена в планировщик (ежедневно в 03:30 UTC).
2025-07-30 07:52:31.893 | SUCCESS  | core.logging_manager:initialize_logging:181 - Планировщик задач LoggingManager успешно запущен.
2025-07-30 07:52:31.902 | INFO     | core.logging_manager:initialize_logging:187 - LoggingManager успешно инициализирован.
2025-07-30 07:52:31.902 | INFO     | core.bot_entrypoint:run_sdb_bot:116 - Система логирования инициализирована. Уровень консольного лога: INFO (может быть переопределен SDB_CLI_DEBUG_MODE_FOR_LOGGING). Уровень файлового лога всегда DEBUG (или TRACE, если так задано в LoggingManager).
2025-07-30 07:52:31.903 | INFO     | core.bot_entrypoint:run_sdb_bot:120 - 🚀 Запуск SwiftDevBot (SDB) v0.1.0 в 2025-07-30 04:52:31 UTC...
2025-07-30 07:52:31.903 | INFO     | core.bot_entrypoint:run_sdb_bot:121 - 🐍 Используется Python v3.10.12
2025-07-30 07:52:31.907 | INFO     | core.bot_entrypoint:run_sdb_bot:122 - 🤖 Используется Aiogram v3.21.0
2025-07-30 07:52:31.907 | DEBUG    | core.bot_entrypoint:run_sdb_bot:123 - Каталог запуска (CWD): /home/soverx/SwiftDevBot
2025-07-30 07:52:31.908 | DEBUG    | core.bot_entrypoint:run_sdb_bot:124 - Корень проекта: /home/soverx/SwiftDevBot
2025-07-30 07:52:31.908 | DEBUG    | core.bot_entrypoint:run_sdb_bot:125 - Директория данных проекта: /home/soverx/SwiftDevBot/project_data
2025-07-30 07:52:31.908 | INFO     | core.bot_entrypoint:run_sdb_bot:151 - PID 184782 записан в /home/soverx/SwiftDevBot/project_data/sdb_bot.pid
2025-07-30 07:52:31.909 | INFO     | core.services_provider:__init__:33 - BotServicesProvider создан (версия SDB: 0.1.0). Ожидает настройки сервисов.
2025-07-30 07:52:31.909 | INFO     | core.services_provider:setup_services:36 - Начало асинхронной настройки основных сервисов SDB...
2025-07-30 07:52:31.924 | INFO     | core.database.manager:__init__:31 - DBManager инициализирован для типа БД: sqlite
2025-07-30 07:52:31.928 | DEBUG    | core.database.manager:_build_db_url:56 - Окончательный абсолютный путь для SQLite: /home/soverx/SwiftDevBot/project_data/Database_files/sdb.db
2025-07-30 07:52:31.928 | INFO     | core.database.manager:initialize:87 - Инициализация асинхронного движка SQLAlchemy для URL: 'sqlite+aiosqlite://...' (детали URL скрыты)
2025-07-30 07:52:32.167 | SUCCESS  | core.database.manager:initialize:105 - SQLAlchemy AsyncEngine и SessionFactory успешно созданы.
2025-07-30 07:52:32.171 | SUCCESS  | core.services_provider:setup_services:42 - Сервис DBManager успешно настроен.
2025-07-30 07:52:32.171 | INFO     | core.module_loader:__init__:71 - ModuleLoader инициализирован. Плагины: /home/soverx/SwiftDevBot/modules, Системные модули: /home/soverx/SwiftDevBot/core/sys_modules, Пользовательские настройки модулей: /home/soverx/SwiftDevBot/project_data/Config/modules_settings
2025-07-30 07:52:32.172 | INFO     | core.module_loader:scan_all_available_modules:257 - Начало сканирования всех модулей...
2025-07-30 07:52:32.216 | INFO     | core.module_loader:_scan_directory_for_modules:145 - Найден плагин 'notes' (v0.1.0) в 'notes'.
2025-07-30 07:52:32.244 | INFO     | core.module_loader:_scan_directory_for_modules:145 - Найден плагин 'stats_monitor' (v0.1.0) в 'stats_monitor'.
2025-07-30 07:52:32.292 | INFO     | core.module_loader:_load_and_validate_module_settings:190 - Загружены пользовательские настройки для модуля 'notes_manager' из: /home/soverx/SwiftDevBot/project_data/Config/modules_settings/notes_manager.yaml
2025-07-30 07:52:32.297 | INFO     | core.module_loader:_load_and_validate_module_settings:250 - Актуальные настройки для модуля 'notes_manager' загружены и провалидированы.
2025-07-30 07:52:32.300 | DEBUG    | core.module_loader:_load_and_validate_module_settings:251 - Итоговые настройки модуля 'notes_manager': {'max_notes_per_user': 100}
2025-07-30 07:52:32.300 | INFO     | core.module_loader:_scan_directory_for_modules:145 - Найден плагин 'notes_manager' (v1.0.0) в 'notes_manager'.
2025-07-30 07:52:32.319 | INFO     | core.module_loader:_scan_directory_for_modules:145 - Найден плагин 'task_manager' (v0.1.0) в 'task_manager'.
2025-07-30 07:52:32.418 | INFO     | core.module_loader:_load_and_validate_module_settings:190 - Загружены пользовательские настройки для модуля 'youtube_downloader' из: /home/soverx/SwiftDevBot/project_data/Config/modules_settings/youtube_downloader.yaml
2025-07-30 07:52:32.418 | INFO     | core.module_loader:_load_and_validate_module_settings:250 - Актуальные настройки для модуля 'youtube_downloader' загружены и провалидированы.
2025-07-30 07:52:32.418 | DEBUG    | core.module_loader:_load_and_validate_module_settings:251 - Итоговые настройки модуля 'youtube_downloader': {'max_downloads_per_day': 10, 'max_file_size_mb': 100, 'allow_playlists': False}
2025-07-30 07:52:32.418 | INFO     | core.module_loader:_scan_directory_for_modules:145 - Найден плагин 'youtube_downloader' (v1.0.0) в 'youtube_downloader'.
2025-07-30 07:52:32.419 | INFO     | core.module_loader:scan_all_available_modules:260 - Сканирование всех модулей завершено. Всего найдено: 5
2025-07-30 07:52:32.419 | INFO     | core.module_loader:_load_enabled_plugin_names:278 - Загружен список активных плагинов из /home/soverx/SwiftDevBot/project_data/Config/enabled_modules.json: ['notes_manager', 'youtube_downloader']
2025-07-30 07:52:32.420 | SUCCESS  | core.services_provider:setup_services:53 - Сервис ModuleLoader инициализирован (найдено 5 модулей, активно плагинов 2).
2025-07-30 07:52:32.420 | INFO     | core.rbac.service:__init__:127 - RBACService инициализирован.
2025-07-30 07:52:32.421 | INFO     | core.rbac.service:ensure_default_entities_exist:194 - Проверка и создание стандартных сущностей RBAC (роли, разрешения ядра, разрешения модулей)...
2025-07-30 07:52:32.421 | DEBUG    | core.rbac.service:ensure_default_entities_exist:201 - Этап 1: Создание/получение стандартных разрешений ЯДРА.
2025-07-30 07:52:32.516 | INFO     | core.rbac.service:ensure_default_entities_exist:208 - Разрешение ядра 'core.admin.view_panel' подготовлено для добавления.
2025-07-30 07:52:32.521 | INFO     | core.rbac.service:ensure_default_entities_exist:208 - Разрешение ядра 'core.users.view_list' подготовлено для добавления.
2025-07-30 07:52:32.523 | INFO     | core.rbac.service:ensure_default_entities_exist:208 - Разрешение ядра 'core.users.view_details' подготовлено для добавления.
2025-07-30 07:52:32.529 | INFO     | core.rbac.service:ensure_default_entities_exist:208 - Разрешение ядра 'core.users.edit_profile' подготовлено для добавления.
2025-07-30 07:52:32.537 | INFO     | core.rbac.service:ensure_default_entities_exist:208 - Разрешение ядра 'core.users.manage_status' подготовлено для добавления.
2025-07-30 07:52:32.542 | INFO     | core.rbac.service:ensure_default_entities_exist:208 - Разрешение ядра 'core.users.assign_roles' подготовлено для добавления.
2025-07-30 07:52:32.545 | INFO     | core.rbac.service:ensure_default_entities_exist:208 - Разрешение ядра 'core.users.delete' подготовлено для добавления.
2025-07-30 07:52:32.561 | INFO     | core.rbac.service:ensure_default_entities_exist:208 - Разрешение ядра 'core.users.manage_direct_permissions' подготовлено для добавления.
2025-07-30 07:52:32.568 | INFO     | core.rbac.service:ensure_default_entities_exist:208 - Разрешение ядра 'core.roles.view' подготовлено для добавления.
2025-07-30 07:52:32.577 | INFO     | core.rbac.service:ensure_default_entities_exist:208 - Разрешение ядра 'core.roles.create' подготовлено для добавления.
2025-07-30 07:52:32.585 | INFO     | core.rbac.service:ensure_default_entities_exist:208 - Разрешение ядра 'core.roles.edit' подготовлено для добавления.
2025-07-30 07:52:32.590 | INFO     | core.rbac.service:ensure_default_entities_exist:208 - Разрешение ядра 'core.roles.delete' подготовлено для добавления.
2025-07-30 07:52:32.596 | INFO     | core.rbac.service:ensure_default_entities_exist:208 - Разрешение ядра 'core.roles.assign_permissions' подготовлено для добавления.
2025-07-30 07:52:32.608 | INFO     | core.rbac.service:ensure_default_entities_exist:208 - Разрешение ядра 'core.permissions.view' подготовлено для добавления.
2025-07-30 07:52:32.628 | INFO     | core.rbac.service:ensure_default_entities_exist:208 - Разрешение ядра 'core.modules.view_list' подготовлено для добавления.
2025-07-30 07:52:32.657 | INFO     | core.rbac.service:ensure_default_entities_exist:208 - Разрешение ядра 'core.modules.toggle_activation' подготовлено для добавления.
2025-07-30 07:52:32.663 | INFO     | core.rbac.service:ensure_default_entities_exist:208 - Разрешение ядра 'core.modules.manage_settings' подготовлено для добавления.
2025-07-30 07:52:32.671 | INFO     | core.rbac.service:ensure_default_entities_exist:208 - Разрешение ядра 'core.system.view_info.basic' подготовлено для добавления.
2025-07-30 07:52:32.676 | INFO     | core.rbac.service:ensure_default_entities_exist:208 - Разрешение ядра 'core.system.view_info.full' подготовлено для добавления.
2025-07-30 07:52:32.678 | INFO     | core.rbac.service:ensure_default_entities_exist:208 - Разрешение ядра 'core.system.view_logs.basic' подготовлено для добавления.
2025-07-30 07:52:32.685 | INFO     | core.rbac.service:ensure_default_entities_exist:208 - Разрешение ядра 'core.system.view_logs.full' подготовлено для добавления.
2025-07-30 07:52:32.707 | INFO     | core.rbac.service:ensure_default_entities_exist:208 - Разрешение ядра 'core.system.manage_backups' подготовлено для добавления.
2025-07-30 07:52:32.708 | INFO     | core.rbac.service:ensure_default_entities_exist:208 - Разрешение ядра 'core.system.send_broadcast' подготовлено для добавления.
2025-07-30 07:52:32.709 | INFO     | core.rbac.service:ensure_default_entities_exist:208 - Разрешение ядра 'core.settings.view' подготовлено для добавления.
2025-07-30 07:52:32.711 | INFO     | core.rbac.service:ensure_default_entities_exist:208 - Разрешение ядра 'core.settings.edit' подготовлено для добавления.
2025-07-30 07:52:32.711 | INFO     | core.rbac.service:ensure_default_entities_exist:213 - 25 разрешений ядра добавлены в сессию.
2025-07-30 07:52:32.712 | DEBUG    | core.rbac.service:ensure_default_entities_exist:215 - Этап 2: Регистрация разрешений из МАНИФЕСТОВ МОДУЛЕЙ.
2025-07-30 07:52:32.712 | INFO     | core.module_loader:get_all_declared_permissions_from_active_modules:436 - Собрано 13 уникальных разрешений, объявленных активными/системными модулями.
2025-07-30 07:52:32.713 | INFO     | core.rbac.service:register_permissions_from_modules:169 - Найдено 13 разрешений в манифестах модулей для регистрации/проверки...
2025-07-30 07:52:32.718 | INFO     | core.rbac.service:get_or_create_permission:527 - Разрешение 'notes_manager.access_user_features' не найдено, будет создано с описанием: 'Доступ к основному пользовательскому интерфейсу и функциям модуля Заметки.'.
2025-07-30 07:52:32.730 | SUCCESS  | core.rbac.service:get_or_create_permission:532 - Разрешение 'notes_manager.access_user_features' создано (сflushed) с ID: 1
2025-07-30 07:52:32.743 | INFO     | core.rbac.service:get_or_create_permission:527 - Разрешение 'notes_manager.view_notes' не найдено, будет создано с описанием: 'Просмотр собственных заметок.'.
2025-07-30 07:52:32.760 | SUCCESS  | core.rbac.service:get_or_create_permission:532 - Разрешение 'notes_manager.view_notes' создано (сflushed) с ID: 2
2025-07-30 07:52:32.764 | INFO     | core.rbac.service:get_or_create_permission:527 - Разрешение 'notes_manager.create_notes' не найдено, будет создано с описанием: 'Создание новых заметок.'.
2025-07-30 07:52:32.774 | SUCCESS  | core.rbac.service:get_or_create_permission:532 - Разрешение 'notes_manager.create_notes' создано (сflushed) с ID: 3
2025-07-30 07:52:32.780 | INFO     | core.rbac.service:get_or_create_permission:527 - Разрешение 'notes_manager.edit_notes' не найдено, будет создано с описанием: 'Редактирование собственных заметок.'.
2025-07-30 07:52:32.788 | SUCCESS  | core.rbac.service:get_or_create_permission:532 - Разрешение 'notes_manager.edit_notes' создано (сflushed) с ID: 4
2025-07-30 07:52:32.794 | INFO     | core.rbac.service:get_or_create_permission:527 - Разрешение 'notes_manager.delete_notes' не найдено, будет создано с описанием: 'Удаление собственных заметок.'.
2025-07-30 07:52:32.808 | SUCCESS  | core.rbac.service:get_or_create_permission:532 - Разрешение 'notes_manager.delete_notes' создано (сflushed) с ID: 5
2025-07-30 07:52:32.811 | INFO     | core.rbac.service:get_or_create_permission:527 - Разрешение 'notes_manager.manage_categories' не найдено, будет создано с описанием: 'Управление категориями заметок.'.
2025-07-30 07:52:32.822 | SUCCESS  | core.rbac.service:get_or_create_permission:532 - Разрешение 'notes_manager.manage_categories' создано (сflushed) с ID: 6
2025-07-30 07:52:32.825 | INFO     | core.rbac.service:get_or_create_permission:527 - Разрешение 'notes_manager.admin_view_all' не найдено, будет создано с описанием: '[АДМИН] Просмотр всех заметок всех пользователей.'.
2025-07-30 07:52:32.827 | SUCCESS  | core.rbac.service:get_or_create_permission:532 - Разрешение 'notes_manager.admin_view_all' создано (сflushed) с ID: 7
2025-07-30 07:52:32.840 | INFO     | core.rbac.service:get_or_create_permission:527 - Разрешение 'notes_manager.admin_manage' не найдено, будет создано с описанием: '[АДМИН] Административные действия для модуля Заметки.'.
2025-07-30 07:52:32.842 | SUCCESS  | core.rbac.service:get_or_create_permission:532 - Разрешение 'notes_manager.admin_manage' создано (сflushed) с ID: 8
2025-07-30 07:52:32.845 | INFO     | core.rbac.service:get_or_create_permission:527 - Разрешение 'youtube_downloader.access_user_features' не найдено, будет создано с описанием: 'Доступ к основному пользовательскому интерфейсу модуля YouTube Загрузчик.'.
2025-07-30 07:52:32.856 | SUCCESS  | core.rbac.service:get_or_create_permission:532 - Разрешение 'youtube_downloader.access_user_features' создано (сflushed) с ID: 9
2025-07-30 07:52:32.891 | INFO     | core.rbac.service:get_or_create_permission:527 - Разрешение 'youtube_downloader.download_video' не найдено, будет создано с описанием: 'Скачивание видео с YouTube.'.
2025-07-30 07:52:32.893 | SUCCESS  | core.rbac.service:get_or_create_permission:532 - Разрешение 'youtube_downloader.download_video' создано (сflushed) с ID: 10
2025-07-30 07:52:32.909 | INFO     | core.rbac.service:get_or_create_permission:527 - Разрешение 'youtube_downloader.download_audio' не найдено, будет создано с описанием: 'Скачивание аудио с YouTube.'.
2025-07-30 07:52:32.917 | SUCCESS  | core.rbac.service:get_or_create_permission:532 - Разрешение 'youtube_downloader.download_audio' создано (сflushed) с ID: 11
2025-07-30 07:52:32.944 | INFO     | core.rbac.service:get_or_create_permission:527 - Разрешение 'youtube_downloader.view_history' не найдено, будет создано с описанием: 'Просмотр истории загрузок.'.
2025-07-30 07:52:32.952 | SUCCESS  | core.rbac.service:get_or_create_permission:532 - Разрешение 'youtube_downloader.view_history' создано (сflushed) с ID: 12
2025-07-30 07:52:32.974 | INFO     | core.rbac.service:get_or_create_permission:527 - Разрешение 'youtube_downloader.admin_manage' не найдено, будет создано с описанием: '[АДМИН] Административные действия для модуля YouTube Загрузчик.'.
2025-07-30 07:52:32.978 | SUCCESS  | core.rbac.service:get_or_create_permission:532 - Разрешение 'youtube_downloader.admin_manage' создано (сflushed) с ID: 13
2025-07-30 07:52:32.983 | SUCCESS  | core.rbac.service:register_permissions_from_modules:188 - 13 разрешений из модулей были созданы/обработаны (flush был в get_or_create_permission).
2025-07-30 07:52:32.983 | DEBUG    | core.rbac.service:ensure_default_entities_exist:222 - Этап 3: Создание/получение стандартных РОЛЕЙ.
2025-07-30 07:52:33.008 | INFO     | core.rbac.service:ensure_default_entities_exist:229 - Стандартная роль 'User' подготовлена для добавления.
2025-07-30 07:52:33.024 | INFO     | core.rbac.service:ensure_default_entities_exist:229 - Стандартная роль 'Moderator' подготовлена для добавления.
2025-07-30 07:52:33.026 | INFO     | core.rbac.service:ensure_default_entities_exist:229 - Стандартная роль 'Admin' подготовлена для добавления.
2025-07-30 07:52:33.026 | INFO     | core.rbac.service:ensure_default_entities_exist:234 - 3 стандартных ролей добавлены в сессию.
2025-07-30 07:52:33.027 | DEBUG    | core.rbac.service:ensure_default_entities_exist:238 - Этап 4: Выполняется общий flush для получения ID новых сущностей...
2025-07-30 07:52:33.085 | DEBUG    | core.rbac.service:ensure_default_entities_exist:240 - Общий Flush выполнен успешно.
2025-07-30 07:52:33.085 | DEBUG    | core.rbac.service:ensure_default_entities_exist:246 - Этап 5: Назначение разрешений ЯДРА стандартным ролям.
2025-07-30 07:52:33.126 | DEBUG    | core.rbac.service:get_all_permissions:664 - Запрошен список всех разрешений. Найдено: 38.
2025-07-30 07:52:33.146 | INFO     | core.rbac.service:ensure_default_entities_exist:266 - Назначение ядерных разрешений роли 'Admin' (ID: 3)...
2025-07-30 07:52:33.161 | DEBUG    | core.rbac.service:assign_permission_to_role:564 - [ASSIGN_PERM_TO_ROLE] Проверка/назначение связи для RoleID: 3, PermID: 33
2025-07-30 07:52:33.169 | INFO     | core.rbac.service:assign_permission_to_role:570 - Разрешение 'core.system.view_logs.basic' (PermID: 33) добавлено роли 'Admin' (RoleID: 3) (ожидает commit).
2025-07-30 07:52:33.192 | DEBUG    | core.rbac.service:assign_permission_to_role:564 - [ASSIGN_PERM_TO_ROLE] Проверка/назначение связи для RoleID: 3, PermID: 23
2025-07-30 07:52:33.193 | INFO     | core.rbac.service:assign_permission_to_role:570 - Разрешение 'core.roles.create' (PermID: 23) добавлено роли 'Admin' (RoleID: 3) (ожидает commit).
2025-07-30 07:52:33.216 | DEBUG    | core.rbac.service:assign_permission_to_role:564 - [ASSIGN_PERM_TO_ROLE] Проверка/назначение связи для RoleID: 3, PermID: 28
2025-07-30 07:52:33.221 | INFO     | core.rbac.service:assign_permission_to_role:570 - Разрешение 'core.modules.view_list' (PermID: 28) добавлено роли 'Admin' (RoleID: 3) (ожидает commit).
2025-07-30 07:52:33.240 | DEBUG    | core.rbac.service:assign_permission_to_role:564 - [ASSIGN_PERM_TO_ROLE] Проверка/назначение связи для RoleID: 3, PermID: 18
2025-07-30 07:52:33.244 | INFO     | core.rbac.service:assign_permission_to_role:570 - Разрешение 'core.users.manage_status' (PermID: 18) добавлено роли 'Admin' (RoleID: 3) (ожидает commit).
2025-07-30 07:52:33.268 | DEBUG    | core.rbac.service:assign_permission_to_role:564 - [ASSIGN_PERM_TO_ROLE] Проверка/назначение связи для RoleID: 3, PermID: 25
2025-07-30 07:52:33.276 | INFO     | core.rbac.service:assign_permission_to_role:570 - Разрешение 'core.roles.delete' (PermID: 25) добавлено роли 'Admin' (RoleID: 3) (ожидает commit).
2025-07-30 07:52:33.304 | DEBUG    | core.rbac.service:assign_permission_to_role:564 - [ASSIGN_PERM_TO_ROLE] Проверка/назначение связи для RoleID: 3, PermID: 21
2025-07-30 07:52:33.306 | INFO     | core.rbac.service:assign_permission_to_role:570 - Разрешение 'core.users.manage_direct_permissions' (PermID: 21) добавлено роли 'Admin' (RoleID: 3) (ожидает commit).
2025-07-30 07:52:33.341 | DEBUG    | core.rbac.service:assign_permission_to_role:564 - [ASSIGN_PERM_TO_ROLE] Проверка/назначение связи для RoleID: 3, PermID: 24
2025-07-30 07:52:33.345 | INFO     | core.rbac.service:assign_permission_to_role:570 - Разрешение 'core.roles.edit' (PermID: 24) добавлено роли 'Admin' (RoleID: 3) (ожидает commit).
2025-07-30 07:52:33.362 | DEBUG    | core.rbac.service:assign_permission_to_role:564 - [ASSIGN_PERM_TO_ROLE] Проверка/назначение связи для RoleID: 3, PermID: 19
2025-07-30 07:52:33.370 | INFO     | core.rbac.service:assign_permission_to_role:570 - Разрешение 'core.users.assign_roles' (PermID: 19) добавлено роли 'Admin' (RoleID: 3) (ожидает commit).
2025-07-30 07:52:33.386 | DEBUG    | core.rbac.service:assign_permission_to_role:564 - [ASSIGN_PERM_TO_ROLE] Проверка/назначение связи для RoleID: 3, PermID: 16
2025-07-30 07:52:33.393 | INFO     | core.rbac.service:assign_permission_to_role:570 - Разрешение 'core.users.view_details' (PermID: 16) добавлено роли 'Admin' (RoleID: 3) (ожидает commit).
2025-07-30 07:52:33.436 | DEBUG    | core.rbac.service:assign_permission_to_role:564 - [ASSIGN_PERM_TO_ROLE] Проверка/назначение связи для RoleID: 3, PermID: 31
2025-07-30 07:52:33.443 | INFO     | core.rbac.service:assign_permission_to_role:570 - Разрешение 'core.system.view_info.basic' (PermID: 31) добавлено роли 'Admin' (RoleID: 3) (ожидает commit).
2025-07-30 07:52:33.455 | DEBUG    | core.rbac.service:assign_permission_to_role:564 - [ASSIGN_PERM_TO_ROLE] Проверка/назначение связи для RoleID: 3, PermID: 14
2025-07-30 07:52:33.457 | INFO     | core.rbac.service:assign_permission_to_role:570 - Разрешение 'core.admin.view_panel' (PermID: 14) добавлено роли 'Admin' (RoleID: 3) (ожидает commit).
2025-07-30 07:52:33.473 | DEBUG    | core.rbac.service:assign_permission_to_role:564 - [ASSIGN_PERM_TO_ROLE] Проверка/назначение связи для RoleID: 3, PermID: 27
2025-07-30 07:52:33.475 | INFO     | core.rbac.service:assign_permission_to_role:570 - Разрешение 'core.permissions.view' (PermID: 27) добавлено роли 'Admin' (RoleID: 3) (ожидает commit).
2025-07-30 07:52:33.495 | DEBUG    | core.rbac.service:assign_permission_to_role:564 - [ASSIGN_PERM_TO_ROLE] Проверка/назначение связи для RoleID: 3, PermID: 22
2025-07-30 07:52:33.507 | INFO     | core.rbac.service:assign_permission_to_role:570 - Разрешение 'core.roles.view' (PermID: 22) добавлено роли 'Admin' (RoleID: 3) (ожидает commit).
2025-07-30 07:52:33.535 | DEBUG    | core.rbac.service:assign_permission_to_role:564 - [ASSIGN_PERM_TO_ROLE] Проверка/назначение связи для RoleID: 3, PermID: 26
2025-07-30 07:52:33.537 | INFO     | core.rbac.service:assign_permission_to_role:570 - Разрешение 'core.roles.assign_permissions' (PermID: 26) добавлено роли 'Admin' (RoleID: 3) (ожидает commit).
2025-07-30 07:52:33.561 | DEBUG    | core.rbac.service:assign_permission_to_role:564 - [ASSIGN_PERM_TO_ROLE] Проверка/назначение связи для RoleID: 3, PermID: 15
2025-07-30 07:52:33.570 | INFO     | core.rbac.service:assign_permission_to_role:570 - Разрешение 'core.users.view_list' (PermID: 15) добавлено роли 'Admin' (RoleID: 3) (ожидает commit).
2025-07-30 07:52:33.573 | INFO     | core.rbac.service:ensure_default_entities_exist:280 - 15 новых ядерных разрешений были подготовлены/назначены роли 'Admin'.
2025-07-30 07:52:33.592 | INFO     | core.rbac.service:ensure_default_entities_exist:266 - Назначение ядерных разрешений роли 'Moderator' (ID: 2)...
2025-07-30 07:52:33.616 | DEBUG    | core.rbac.service:assign_permission_to_role:564 - [ASSIGN_PERM_TO_ROLE] Проверка/назначение связи для RoleID: 2, PermID: 15
2025-07-30 07:52:33.623 | INFO     | core.rbac.service:assign_permission_to_role:570 - Разрешение 'core.users.view_list' (PermID: 15) добавлено роли 'Moderator' (RoleID: 2) (ожидает commit).
2025-07-30 07:52:33.656 | DEBUG    | core.rbac.service:assign_permission_to_role:564 - [ASSIGN_PERM_TO_ROLE] Проверка/назначение связи для RoleID: 2, PermID: 16
2025-07-30 07:52:33.658 | INFO     | core.rbac.service:assign_permission_to_role:570 - Разрешение 'core.users.view_details' (PermID: 16) добавлено роли 'Moderator' (RoleID: 2) (ожидает commit).
2025-07-30 07:52:33.690 | DEBUG    | core.rbac.service:assign_permission_to_role:564 - [ASSIGN_PERM_TO_ROLE] Проверка/назначение связи для RoleID: 2, PermID: 31
2025-07-30 07:52:33.697 | INFO     | core.rbac.service:assign_permission_to_role:570 - Разрешение 'core.system.view_info.basic' (PermID: 31) добавлено роли 'Moderator' (RoleID: 2) (ожидает commit).
2025-07-30 07:52:33.711 | DEBUG    | core.rbac.service:assign_permission_to_role:564 - [ASSIGN_PERM_TO_ROLE] Проверка/назначение связи для RoleID: 2, PermID: 14
2025-07-30 07:52:33.716 | INFO     | core.rbac.service:assign_permission_to_role:570 - Разрешение 'core.admin.view_panel' (PermID: 14) добавлено роли 'Moderator' (RoleID: 2) (ожидает commit).
2025-07-30 07:52:33.716 | INFO     | core.rbac.service:ensure_default_entities_exist:280 - 4 новых ядерных разрешений были подготовлены/назначены роли 'Moderator'.
2025-07-30 07:52:33.740 | INFO     | core.rbac.service:ensure_default_entities_exist:266 - Назначение ядерных разрешений роли 'User' (ID: 1)...
2025-07-30 07:52:33.740 | DEBUG    | core.rbac.service:ensure_default_entities_exist:282 - Этап 5.1: Автоматическое назначение базовых прав модулей роли 'User'.
2025-07-30 07:52:33.772 | WARNING  | core.rbac.service:ensure_default_entities_exist:336 - Не найдено зарегистрированное разрешение 'stats_monitor.access_user_features' для модуля 'stats_monitor'
2025-07-30 07:52:33.772 | WARNING  | core.rbac.service:ensure_default_entities_exist:336 - Не найдено зарегистрированное разрешение 'stats_monitor.view_stats' для модуля 'stats_monitor'
2025-07-30 07:52:33.773 | WARNING  | core.rbac.service:ensure_default_entities_exist:336 - Не найдено зарегистрированное разрешение 'stats_monitor.admin_manage' для модуля 'stats_monitor'
2025-07-30 07:52:33.816 | DEBUG    | core.rbac.service:assign_permission_to_role:564 - [ASSIGN_PERM_TO_ROLE] Проверка/назначение связи для RoleID: 1, PermID: 1
2025-07-30 07:52:33.828 | INFO     | core.rbac.service:assign_permission_to_role:570 - Разрешение 'notes_manager.access_user_features' (PermID: 1) добавлено роли 'User' (RoleID: 1) (ожидает commit).
2025-07-30 07:52:33.832 | INFO     | core.rbac.service:ensure_default_entities_exist:331 - Автоматически назначено разрешение 'notes_manager.access_user_features' роли 'User' для модуля 'notes_manager'.
2025-07-30 07:52:33.853 | DEBUG    | core.rbac.service:assign_permission_to_role:564 - [ASSIGN_PERM_TO_ROLE] Проверка/назначение связи для RoleID: 1, PermID: 2
2025-07-30 07:52:33.860 | INFO     | core.rbac.service:assign_permission_to_role:570 - Разрешение 'notes_manager.view_notes' (PermID: 2) добавлено роли 'User' (RoleID: 1) (ожидает commit).
2025-07-30 07:52:33.861 | INFO     | core.rbac.service:ensure_default_entities_exist:331 - Автоматически назначено разрешение 'notes_manager.view_notes' роли 'User' для модуля 'notes_manager'.
2025-07-30 07:52:33.877 | DEBUG    | core.rbac.service:assign_permission_to_role:564 - [ASSIGN_PERM_TO_ROLE] Проверка/назначение связи для RoleID: 1, PermID: 3
2025-07-30 07:52:33.884 | INFO     | core.rbac.service:assign_permission_to_role:570 - Разрешение 'notes_manager.create_notes' (PermID: 3) добавлено роли 'User' (RoleID: 1) (ожидает commit).
2025-07-30 07:52:33.884 | INFO     | core.rbac.service:ensure_default_entities_exist:331 - Автоматически назначено разрешение 'notes_manager.create_notes' роли 'User' для модуля 'notes_manager'.
2025-07-30 07:52:33.908 | DEBUG    | core.rbac.service:assign_permission_to_role:564 - [ASSIGN_PERM_TO_ROLE] Проверка/назначение связи для RoleID: 1, PermID: 4
2025-07-30 07:52:33.935 | INFO     | core.rbac.service:assign_permission_to_role:570 - Разрешение 'notes_manager.edit_notes' (PermID: 4) добавлено роли 'User' (RoleID: 1) (ожидает commit).
2025-07-30 07:52:33.936 | INFO     | core.rbac.service:ensure_default_entities_exist:331 - Автоматически назначено разрешение 'notes_manager.edit_notes' роли 'User' для модуля 'notes_manager'.
2025-07-30 07:52:33.956 | DEBUG    | core.rbac.service:assign_permission_to_role:564 - [ASSIGN_PERM_TO_ROLE] Проверка/назначение связи для RoleID: 1, PermID: 5
2025-07-30 07:52:33.959 | INFO     | core.rbac.service:assign_permission_to_role:570 - Разрешение 'notes_manager.delete_notes' (PermID: 5) добавлено роли 'User' (RoleID: 1) (ожидает commit).
2025-07-30 07:52:33.976 | INFO     | core.rbac.service:ensure_default_entities_exist:331 - Автоматически назначено разрешение 'notes_manager.delete_notes' роли 'User' для модуля 'notes_manager'.
2025-07-30 07:52:34.017 | DEBUG    | core.rbac.service:assign_permission_to_role:564 - [ASSIGN_PERM_TO_ROLE] Проверка/назначение связи для RoleID: 1, PermID: 6
2025-07-30 07:52:34.025 | INFO     | core.rbac.service:assign_permission_to_role:570 - Разрешение 'notes_manager.manage_categories' (PermID: 6) добавлено роли 'User' (RoleID: 1) (ожидает commit).
2025-07-30 07:52:34.026 | INFO     | core.rbac.service:ensure_default_entities_exist:331 - Автоматически назначено разрешение 'notes_manager.manage_categories' роли 'User' для модуля 'notes_manager'.
2025-07-30 07:52:34.063 | DEBUG    | core.rbac.service:assign_permission_to_role:564 - [ASSIGN_PERM_TO_ROLE] Проверка/назначение связи для RoleID: 2, PermID: 1
2025-07-30 07:52:34.065 | INFO     | core.rbac.service:assign_permission_to_role:570 - Разрешение 'notes_manager.access_user_features' (PermID: 1) добавлено роли 'Moderator' (RoleID: 2) (ожидает commit).
2025-07-30 07:52:34.065 | INFO     | core.rbac.service:ensure_default_entities_exist:331 - Автоматически назначено разрешение 'notes_manager.access_user_features' роли 'Moderator' для модуля 'notes_manager'.
2025-07-30 07:52:34.086 | DEBUG    | core.rbac.service:assign_permission_to_role:564 - [ASSIGN_PERM_TO_ROLE] Проверка/назначение связи для RoleID: 2, PermID: 2
2025-07-30 07:52:34.090 | INFO     | core.rbac.service:assign_permission_to_role:570 - Разрешение 'notes_manager.view_notes' (PermID: 2) добавлено роли 'Moderator' (RoleID: 2) (ожидает commit).
2025-07-30 07:52:34.090 | INFO     | core.rbac.service:ensure_default_entities_exist:331 - Автоматически назначено разрешение 'notes_manager.view_notes' роли 'Moderator' для модуля 'notes_manager'.
2025-07-30 07:52:34.105 | DEBUG    | core.rbac.service:assign_permission_to_role:564 - [ASSIGN_PERM_TO_ROLE] Проверка/назначение связи для RoleID: 2, PermID: 3
2025-07-30 07:52:34.113 | INFO     | core.rbac.service:assign_permission_to_role:570 - Разрешение 'notes_manager.create_notes' (PermID: 3) добавлено роли 'Moderator' (RoleID: 2) (ожидает commit).
2025-07-30 07:52:34.118 | INFO     | core.rbac.service:ensure_default_entities_exist:331 - Автоматически назначено разрешение 'notes_manager.create_notes' роли 'Moderator' для модуля 'notes_manager'.
2025-07-30 07:52:34.145 | DEBUG    | core.rbac.service:assign_permission_to_role:564 - [ASSIGN_PERM_TO_ROLE] Проверка/назначение связи для RoleID: 2, PermID: 4
2025-07-30 07:52:34.151 | INFO     | core.rbac.service:assign_permission_to_role:570 - Разрешение 'notes_manager.edit_notes' (PermID: 4) добавлено роли 'Moderator' (RoleID: 2) (ожидает commit).
2025-07-30 07:52:34.151 | INFO     | core.rbac.service:ensure_default_entities_exist:331 - Автоматически назначено разрешение 'notes_manager.edit_notes' роли 'Moderator' для модуля 'notes_manager'.
2025-07-30 07:52:34.164 | DEBUG    | core.rbac.service:assign_permission_to_role:564 - [ASSIGN_PERM_TO_ROLE] Проверка/назначение связи для RoleID: 2, PermID: 5
2025-07-30 07:52:34.177 | INFO     | core.rbac.service:assign_permission_to_role:570 - Разрешение 'notes_manager.delete_notes' (PermID: 5) добавлено роли 'Moderator' (RoleID: 2) (ожидает commit).
2025-07-30 07:52:34.184 | INFO     | core.rbac.service:ensure_default_entities_exist:331 - Автоматически назначено разрешение 'notes_manager.delete_notes' роли 'Moderator' для модуля 'notes_manager'.
2025-07-30 07:52:34.212 | DEBUG    | core.rbac.service:assign_permission_to_role:564 - [ASSIGN_PERM_TO_ROLE] Проверка/назначение связи для RoleID: 2, PermID: 6
2025-07-30 07:52:34.221 | INFO     | core.rbac.service:assign_permission_to_role:570 - Разрешение 'notes_manager.manage_categories' (PermID: 6) добавлено роли 'Moderator' (RoleID: 2) (ожидает commit).
2025-07-30 07:52:34.222 | INFO     | core.rbac.service:ensure_default_entities_exist:331 - Автоматически назначено разрешение 'notes_manager.manage_categories' роли 'Moderator' для модуля 'notes_manager'.
2025-07-30 07:52:34.248 | DEBUG    | core.rbac.service:assign_permission_to_role:564 - [ASSIGN_PERM_TO_ROLE] Проверка/назначение связи для RoleID: 3, PermID: 1
2025-07-30 07:52:34.250 | INFO     | core.rbac.service:assign_permission_to_role:570 - Разрешение 'notes_manager.access_user_features' (PermID: 1) добавлено роли 'Admin' (RoleID: 3) (ожидает commit).
2025-07-30 07:52:34.251 | INFO     | core.rbac.service:ensure_default_entities_exist:331 - Автоматически назначено разрешение 'notes_manager.access_user_features' роли 'Admin' для модуля 'notes_manager'.
2025-07-30 07:52:34.269 | DEBUG    | core.rbac.service:assign_permission_to_role:564 - [ASSIGN_PERM_TO_ROLE] Проверка/назначение связи для RoleID: 3, PermID: 2
2025-07-30 07:52:34.278 | INFO     | core.rbac.service:assign_permission_to_role:570 - Разрешение 'notes_manager.view_notes' (PermID: 2) добавлено роли 'Admin' (RoleID: 3) (ожидает commit).
2025-07-30 07:52:34.283 | INFO     | core.rbac.service:ensure_default_entities_exist:331 - Автоматически назначено разрешение 'notes_manager.view_notes' роли 'Admin' для модуля 'notes_manager'.
2025-07-30 07:52:34.325 | DEBUG    | core.rbac.service:assign_permission_to_role:564 - [ASSIGN_PERM_TO_ROLE] Проверка/назначение связи для RoleID: 3, PermID: 3
2025-07-30 07:52:34.334 | INFO     | core.rbac.service:assign_permission_to_role:570 - Разрешение 'notes_manager.create_notes' (PermID: 3) добавлено роли 'Admin' (RoleID: 3) (ожидает commit).
2025-07-30 07:52:34.335 | INFO     | core.rbac.service:ensure_default_entities_exist:331 - Автоматически назначено разрешение 'notes_manager.create_notes' роли 'Admin' для модуля 'notes_manager'.
2025-07-30 07:52:34.367 | DEBUG    | core.rbac.service:assign_permission_to_role:564 - [ASSIGN_PERM_TO_ROLE] Проверка/назначение связи для RoleID: 3, PermID: 4
2025-07-30 07:52:34.372 | INFO     | core.rbac.service:assign_permission_to_role:570 - Разрешение 'notes_manager.edit_notes' (PermID: 4) добавлено роли 'Admin' (RoleID: 3) (ожидает commit).
2025-07-30 07:52:34.373 | INFO     | core.rbac.service:ensure_default_entities_exist:331 - Автоматически назначено разрешение 'notes_manager.edit_notes' роли 'Admin' для модуля 'notes_manager'.
2025-07-30 07:52:34.404 | DEBUG    | core.rbac.service:assign_permission_to_role:564 - [ASSIGN_PERM_TO_ROLE] Проверка/назначение связи для RoleID: 3, PermID: 5
2025-07-30 07:52:34.413 | INFO     | core.rbac.service:assign_permission_to_role:570 - Разрешение 'notes_manager.delete_notes' (PermID: 5) добавлено роли 'Admin' (RoleID: 3) (ожидает commit).
2025-07-30 07:52:34.413 | INFO     | core.rbac.service:ensure_default_entities_exist:331 - Автоматически назначено разрешение 'notes_manager.delete_notes' роли 'Admin' для модуля 'notes_manager'.
2025-07-30 07:52:34.423 | DEBUG    | core.rbac.service:assign_permission_to_role:564 - [ASSIGN_PERM_TO_ROLE] Проверка/назначение связи для RoleID: 3, PermID: 6
2025-07-30 07:52:34.434 | INFO     | core.rbac.service:assign_permission_to_role:570 - Разрешение 'notes_manager.manage_categories' (PermID: 6) добавлено роли 'Admin' (RoleID: 3) (ожидает commit).
2025-07-30 07:52:34.434 | INFO     | core.rbac.service:ensure_default_entities_exist:331 - Автоматически назначено разрешение 'notes_manager.manage_categories' роли 'Admin' для модуля 'notes_manager'.
2025-07-30 07:52:34.456 | DEBUG    | core.rbac.service:assign_permission_to_role:564 - [ASSIGN_PERM_TO_ROLE] Проверка/назначение связи для RoleID: 3, PermID: 7
2025-07-30 07:52:34.460 | INFO     | core.rbac.service:assign_permission_to_role:570 - Разрешение 'notes_manager.admin_view_all' (PermID: 7) добавлено роли 'Admin' (RoleID: 3) (ожидает commit).
2025-07-30 07:52:34.463 | INFO     | core.rbac.service:ensure_default_entities_exist:331 - Автоматически назначено разрешение 'notes_manager.admin_view_all' роли 'Admin' для модуля 'notes_manager'.
2025-07-30 07:52:34.489 | DEBUG    | core.rbac.service:assign_permission_to_role:564 - [ASSIGN_PERM_TO_ROLE] Проверка/назначение связи для RoleID: 3, PermID: 8
2025-07-30 07:52:34.494 | INFO     | core.rbac.service:assign_permission_to_role:570 - Разрешение 'notes_manager.admin_manage' (PermID: 8) добавлено роли 'Admin' (RoleID: 3) (ожидает commit).
2025-07-30 07:52:34.494 | INFO     | core.rbac.service:ensure_default_entities_exist:331 - Автоматически назначено разрешение 'notes_manager.admin_manage' роли 'Admin' для модуля 'notes_manager'.
2025-07-30 07:52:34.551 | DEBUG    | core.rbac.service:assign_permission_to_role:564 - [ASSIGN_PERM_TO_ROLE] Проверка/назначение связи для RoleID: 1, PermID: 9
2025-07-30 07:52:34.553 | INFO     | core.rbac.service:assign_permission_to_role:570 - Разрешение 'youtube_downloader.access_user_features' (PermID: 9) добавлено роли 'User' (RoleID: 1) (ожидает commit).
2025-07-30 07:52:34.554 | INFO     | core.rbac.service:ensure_default_entities_exist:331 - Автоматически назначено разрешение 'youtube_downloader.access_user_features' роли 'User' для модуля 'youtube_downloader'.
2025-07-30 07:52:34.568 | DEBUG    | core.rbac.service:assign_permission_to_role:564 - [ASSIGN_PERM_TO_ROLE] Проверка/назначение связи для RoleID: 1, PermID: 10
2025-07-30 07:52:34.578 | INFO     | core.rbac.service:assign_permission_to_role:570 - Разрешение 'youtube_downloader.download_video' (PermID: 10) добавлено роли 'User' (RoleID: 1) (ожидает commit).
2025-07-30 07:52:34.579 | INFO     | core.rbac.service:ensure_default_entities_exist:331 - Автоматически назначено разрешение 'youtube_downloader.download_video' роли 'User' для модуля 'youtube_downloader'.
2025-07-30 07:52:34.610 | DEBUG    | core.rbac.service:assign_permission_to_role:564 - [ASSIGN_PERM_TO_ROLE] Проверка/назначение связи для RoleID: 1, PermID: 11
2025-07-30 07:52:34.619 | INFO     | core.rbac.service:assign_permission_to_role:570 - Разрешение 'youtube_downloader.download_audio' (PermID: 11) добавлено роли 'User' (RoleID: 1) (ожидает commit).
2025-07-30 07:52:34.620 | INFO     | core.rbac.service:ensure_default_entities_exist:331 - Автоматически назначено разрешение 'youtube_downloader.download_audio' роли 'User' для модуля 'youtube_downloader'.
2025-07-30 07:52:34.654 | DEBUG    | core.rbac.service:assign_permission_to_role:564 - [ASSIGN_PERM_TO_ROLE] Проверка/назначение связи для RoleID: 1, PermID: 12
2025-07-30 07:52:34.660 | INFO     | core.rbac.service:assign_permission_to_role:570 - Разрешение 'youtube_downloader.view_history' (PermID: 12) добавлено роли 'User' (RoleID: 1) (ожидает commit).
2025-07-30 07:52:34.661 | INFO     | core.rbac.service:ensure_default_entities_exist:331 - Автоматически назначено разрешение 'youtube_downloader.view_history' роли 'User' для модуля 'youtube_downloader'.
2025-07-30 07:52:34.702 | DEBUG    | core.rbac.service:assign_permission_to_role:564 - [ASSIGN_PERM_TO_ROLE] Проверка/назначение связи для RoleID: 2, PermID: 9
2025-07-30 07:52:34.705 | INFO     | core.rbac.service:assign_permission_to_role:570 - Разрешение 'youtube_downloader.access_user_features' (PermID: 9) добавлено роли 'Moderator' (RoleID: 2) (ожидает commit).
2025-07-30 07:52:34.708 | INFO     | core.rbac.service:ensure_default_entities_exist:331 - Автоматически назначено разрешение 'youtube_downloader.access_user_features' роли 'Moderator' для модуля 'youtube_downloader'.
2025-07-30 07:52:34.724 | DEBUG    | core.rbac.service:assign_permission_to_role:564 - [ASSIGN_PERM_TO_ROLE] Проверка/назначение связи для RoleID: 2, PermID: 10
2025-07-30 07:52:34.726 | INFO     | core.rbac.service:assign_permission_to_role:570 - Разрешение 'youtube_downloader.download_video' (PermID: 10) добавлено роли 'Moderator' (RoleID: 2) (ожидает commit).
2025-07-30 07:52:34.729 | INFO     | core.rbac.service:ensure_default_entities_exist:331 - Автоматически назначено разрешение 'youtube_downloader.download_video' роли 'Moderator' для модуля 'youtube_downloader'.
2025-07-30 07:52:34.757 | DEBUG    | core.rbac.service:assign_permission_to_role:564 - [ASSIGN_PERM_TO_ROLE] Проверка/назначение связи для RoleID: 2, PermID: 11
2025-07-30 07:52:34.768 | INFO     | core.rbac.service:assign_permission_to_role:570 - Разрешение 'youtube_downloader.download_audio' (PermID: 11) добавлено роли 'Moderator' (RoleID: 2) (ожидает commit).
2025-07-30 07:52:34.769 | INFO     | core.rbac.service:ensure_default_entities_exist:331 - Автоматически назначено разрешение 'youtube_downloader.download_audio' роли 'Moderator' для модуля 'youtube_downloader'.
2025-07-30 07:52:34.793 | DEBUG    | core.rbac.service:assign_permission_to_role:564 - [ASSIGN_PERM_TO_ROLE] Проверка/назначение связи для RoleID: 2, PermID: 12
2025-07-30 07:52:34.801 | INFO     | core.rbac.service:assign_permission_to_role:570 - Разрешение 'youtube_downloader.view_history' (PermID: 12) добавлено роли 'Moderator' (RoleID: 2) (ожидает commit).
2025-07-30 07:52:34.802 | INFO     | core.rbac.service:ensure_default_entities_exist:331 - Автоматически назначено разрешение 'youtube_downloader.view_history' роли 'Moderator' для модуля 'youtube_downloader'.
2025-07-30 07:52:34.843 | DEBUG    | core.rbac.service:assign_permission_to_role:564 - [ASSIGN_PERM_TO_ROLE] Проверка/назначение связи для RoleID: 3, PermID: 9
2025-07-30 07:52:34.848 | INFO     | core.rbac.service:assign_permission_to_role:570 - Разрешение 'youtube_downloader.access_user_features' (PermID: 9) добавлено роли 'Admin' (RoleID: 3) (ожидает commit).
2025-07-30 07:52:34.848 | INFO     | core.rbac.service:ensure_default_entities_exist:331 - Автоматически назначено разрешение 'youtube_downloader.access_user_features' роли 'Admin' для модуля 'youtube_downloader'.
2025-07-30 07:52:34.864 | DEBUG    | core.rbac.service:assign_permission_to_role:564 - [ASSIGN_PERM_TO_ROLE] Проверка/назначение связи для RoleID: 3, PermID: 10
2025-07-30 07:52:34.866 | INFO     | core.rbac.service:assign_permission_to_role:570 - Разрешение 'youtube_downloader.download_video' (PermID: 10) добавлено роли 'Admin' (RoleID: 3) (ожидает commit).
2025-07-30 07:52:34.868 | INFO     | core.rbac.service:ensure_default_entities_exist:331 - Автоматически назначено разрешение 'youtube_downloader.download_video' роли 'Admin' для модуля 'youtube_downloader'.
2025-07-30 07:52:34.894 | DEBUG    | core.rbac.service:assign_permission_to_role:564 - [ASSIGN_PERM_TO_ROLE] Проверка/назначение связи для RoleID: 3, PermID: 11
2025-07-30 07:52:34.905 | INFO     | core.rbac.service:assign_permission_to_role:570 - Разрешение 'youtube_downloader.download_audio' (PermID: 11) добавлено роли 'Admin' (RoleID: 3) (ожидает commit).
2025-07-30 07:52:34.905 | INFO     | core.rbac.service:ensure_default_entities_exist:331 - Автоматически назначено разрешение 'youtube_downloader.download_audio' роли 'Admin' для модуля 'youtube_downloader'.
2025-07-30 07:52:34.927 | DEBUG    | core.rbac.service:assign_permission_to_role:564 - [ASSIGN_PERM_TO_ROLE] Проверка/назначение связи для RoleID: 3, PermID: 12
2025-07-30 07:52:34.941 | INFO     | core.rbac.service:assign_permission_to_role:570 - Разрешение 'youtube_downloader.view_history' (PermID: 12) добавлено роли 'Admin' (RoleID: 3) (ожидает commit).
2025-07-30 07:52:34.941 | INFO     | core.rbac.service:ensure_default_entities_exist:331 - Автоматически назначено разрешение 'youtube_downloader.view_history' роли 'Admin' для модуля 'youtube_downloader'.
2025-07-30 07:52:34.969 | DEBUG    | core.rbac.service:assign_permission_to_role:564 - [ASSIGN_PERM_TO_ROLE] Проверка/назначение связи для RoleID: 3, PermID: 13
2025-07-30 07:52:34.973 | INFO     | core.rbac.service:assign_permission_to_role:570 - Разрешение 'youtube_downloader.admin_manage' (PermID: 13) добавлено роли 'Admin' (RoleID: 3) (ожидает commit).
2025-07-30 07:52:34.974 | INFO     | core.rbac.service:ensure_default_entities_exist:331 - Автоматически назначено разрешение 'youtube_downloader.admin_manage' роли 'Admin' для модуля 'youtube_downloader'.
2025-07-30 07:52:34.974 | DEBUG    | core.rbac.service:ensure_default_entities_exist:348 - Этап 6: Попытка коммита всех изменений RBAC...
2025-07-30 07:52:35.092 | SUCCESS  | core.rbac.service:ensure_default_entities_exist:360 - Стандартные RBAC сущности успешно созданы/обновлены и закоммичены: 3 ролей создано; 25 разрешений ядра создано; 13 разрешений модулей создано/зарегистрировано; 28 разрешений назначено Admin; 14 разрешений назначено Moderator; 10 разрешений назначено User.
2025-07-30 07:52:35.095 | INFO     | core.services_provider:setup_services:68 - RBACService.ensure_default_entities_exist отработал. Ролей создано: 3, Разрешений ядра: 25, Разрешений модулей: 13
2025-07-30 07:52:35.096 | SUCCESS  | core.services_provider:setup_services:72 - Сервис RBACService успешно настроен.
2025-07-30 07:52:35.096 | INFO     | core.users.service:__init__:24 - UserService инициализирован.
2025-07-30 07:52:35.096 | SUCCESS  | core.services_provider:setup_services:83 - Сервис UserService успешно настроен.
2025-07-30 07:52:35.128 | INFO     | core.cache.manager:__init__:242 - CacheManager инициализирован. Сконфигурированный тип кэша: memory
2025-07-30 07:52:35.128 | INFO     | core.cache.manager:__init__:60 - MemoryCache инициализирован (использует cachetools: True, default TTL: 300s).
2025-07-30 07:52:35.129 | DEBUG    | core.cache.manager:initialize:62 - MemoryCache.initialize() - операция не требуется.
2025-07-30 07:52:35.130 | SUCCESS  | core.cache.manager:initialize:277 - Бэкенд кэша 'memory' успешно инициализирован.
2025-07-30 07:52:35.130 | SUCCESS  | core.services_provider:setup_services:93 - Сервис CacheManager (memory) успешно настроен.
2025-07-30 07:52:35.143 | INFO     | core.http_client.manager:__init__:37 - HTTPClientManager инициализирован (таймаут по умолчанию: 10 сек).
2025-07-30 07:52:35.144 | SUCCESS  | core.http_client.manager:initialize:44 - aiohttp.ClientSession успешно создан и инициализирован.
2025-07-30 07:52:35.145 | SUCCESS  | core.services_provider:setup_services:107 - Сервис HTTPClientManager успешно настроен.
2025-07-30 07:52:35.160 | INFO     | core.events.dispatcher:__init__:26 - EventDispatcher инициализирован.
2025-07-30 07:52:35.161 | SUCCESS  | core.services_provider:setup_services:119 - Сервис EventDispatcher успешно инициализирован.
2025-07-30 07:52:35.161 | INFO     | core.ui.registry_ui:__init__:44 - UIRegistry инициализирован.
2025-07-30 07:52:35.177 | SUCCESS  | core.services_provider:setup_services:127 - Сервис UIRegistry успешно инициализирован.
2025-07-30 07:52:35.178 | INFO     | core.services_provider:setup_services:134 - ✅ Первичная настройка всех основных сервисов SDB завершена.
2025-07-30 07:52:35.178 | SUCCESS  | core.bot_entrypoint:run_sdb_bot:158 - ✅ BotServicesProvider и все его базовые сервисы успешно инициализированы.
2025-07-30 07:52:35.663 | INFO     | core.bot_entrypoint:run_sdb_bot:165 - 🤖 Экземпляр Telegram Bot успешно создан: @SwiftDev_Bot (ID: 8307984765)
2025-07-30 07:52:35.666 | INFO     | core.bot_entrypoint:run_sdb_bot:186 - FSM Storage: используется MemoryStorage.
2025-07-30 07:52:35.687 | INFO     | core.bot_entrypoint:run_sdb_bot:189 - 🚦 Dispatcher и FSM Storage инициализированы.
2025-07-30 07:52:35.688 | INFO     | core.i18n.translator:__init__:55 - Translator инициализирован. Locales dir: '/home/soverx/SwiftDevBot/locales', Domain: 'bot', Default: 'en', Available: ['en', 'ua']
2025-07-30 07:52:35.688 | INFO     | core.i18n.translator:load_all_translations:93 - Предзагрузка всех доступных переводов (['en', 'ua'])...
2025-07-30 07:52:35.689 | DEBUG    | core.i18n.translator:load_translation:80 - Переводы для языка 'en' успешно загружены.
2025-07-30 07:52:35.689 | DEBUG    | core.i18n.translator:load_translation:80 - Переводы для языка 'ua' успешно загружены.
2025-07-30 07:52:35.689 | INFO     | core.bot_entrypoint:run_sdb_bot:198 - I18nMiddleware зарегистрирован для всех Update.
2025-07-30 07:52:35.694 | INFO     | core.bot_entrypoint:run_sdb_bot:201 - UserStatusMiddleware зарегистрирован для всех Update.
2025-07-30 07:52:35.694 | INFO     | core.bot_entrypoint:run_sdb_bot:204 - Базовый UI-роутер ядра 'sdb_core_ui_handlers' зарегистрирован.
2025-07-30 07:52:35.695 | CRITICAL | core.bot_entrypoint:run_sdb_bot:209 - ✅ Главный админ-роутер 'sdb_admin_top_level_router' успешно зарегистрирован
2025-07-30 07:52:35.700 | INFO     | core.module_loader:scan_all_available_modules:257 - Начало сканирования всех модулей...
2025-07-30 07:52:35.719 | INFO     | core.module_loader:_scan_directory_for_modules:145 - Найден плагин 'notes' (v0.1.0) в 'notes'.
2025-07-30 07:52:35.762 | INFO     | core.module_loader:_scan_directory_for_modules:145 - Найден плагин 'stats_monitor' (v0.1.0) в 'stats_monitor'.
2025-07-30 07:52:35.819 | INFO     | core.module_loader:_load_and_validate_module_settings:190 - Загружены пользовательские настройки для модуля 'notes_manager' из: /home/soverx/SwiftDevBot/project_data/Config/modules_settings/notes_manager.yaml
2025-07-30 07:52:35.821 | INFO     | core.module_loader:_load_and_validate_module_settings:250 - Актуальные настройки для модуля 'notes_manager' загружены и провалидированы.
2025-07-30 07:52:35.827 | DEBUG    | core.module_loader:_load_and_validate_module_settings:251 - Итоговые настройки модуля 'notes_manager': {'max_notes_per_user': 100}
2025-07-30 07:52:35.827 | INFO     | core.module_loader:_scan_directory_for_modules:145 - Найден плагин 'notes_manager' (v1.0.0) в 'notes_manager'.
2025-07-30 07:52:35.856 | INFO     | core.module_loader:_scan_directory_for_modules:145 - Найден плагин 'task_manager' (v0.1.0) в 'task_manager'.
2025-07-30 07:52:35.949 | INFO     | core.module_loader:_load_and_validate_module_settings:190 - Загружены пользовательские настройки для модуля 'youtube_downloader' из: /home/soverx/SwiftDevBot/project_data/Config/modules_settings/youtube_downloader.yaml
2025-07-30 07:52:35.950 | INFO     | core.module_loader:_load_and_validate_module_settings:250 - Актуальные настройки для модуля 'youtube_downloader' загружены и провалидированы.
2025-07-30 07:52:35.950 | DEBUG    | core.module_loader:_load_and_validate_module_settings:251 - Итоговые настройки модуля 'youtube_downloader': {'max_downloads_per_day': 10, 'max_file_size_mb': 100, 'allow_playlists': False}
2025-07-30 07:52:35.950 | INFO     | core.module_loader:_scan_directory_for_modules:145 - Найден плагин 'youtube_downloader' (v1.0.0) в 'youtube_downloader'.
2025-07-30 07:52:35.953 | INFO     | core.module_loader:scan_all_available_modules:260 - Сканирование всех модулей завершено. Всего найдено: 5
2025-07-30 07:52:35.953 | INFO     | core.module_loader:_load_enabled_plugin_names:278 - Загружен список активных плагинов из /home/soverx/SwiftDevBot/project_data/Config/enabled_modules.json: ['notes_manager', 'youtube_downloader']
2025-07-30 07:52:35.953 | INFO     | core.module_loader:initialize_and_setup_modules:345 - Настройка системных модулей ядра...
2025-07-30 07:52:35.954 | INFO     | core.module_loader:initialize_and_setup_modules:352 - Настройка системных модулей ядра завершена.
2025-07-30 07:52:35.957 | INFO     | core.module_loader:initialize_and_setup_modules:356 - Настройка 2 активных плагинов...
2025-07-30 07:52:36.044 | DEBUG    | core.module_loader:_setup_single_module:325 - Импорт модуля 'notes_manager' через 'modules.notes_manager'...
2025-07-30 07:52:36.101 | INFO     | core.module_loader:_setup_single_module:332 - Вызов setup_module() для модуля 'notes_manager'...
2025-07-30 07:52:36.104 | INFO     | modules.notes_manager:setup_module:27 - [notes_manager] Роутер 'sdb_notes_manager_handlers' успешно зарегистрирован.
2025-07-30 07:52:36.104 | INFO     | core.ui.registry_ui:register_module_entry:73 - UI-точка входа для модуля 'notes_manager' ('Менеджер Заметок') успешно зарегистрирована. Требуемое разрешение для просмотра: 'notes_manager.access_user_features'.
2025-07-30 07:52:36.105 | INFO     | modules.notes_manager:setup_module:63 - [notes_manager] UI-точка входа для модуля 'Менеджер Заметок' зарегистрирована в UIRegistry.
2025-07-30 07:52:36.105 | SUCCESS  | modules.notes_manager:setup_module:65 - ✅ Модуль 'notes_manager' (Менеджер Заметок) успешно настроен.
2025-07-30 07:52:36.105 | SUCCESS  | core.module_loader:_setup_single_module:336 - ✅ Модуль 'notes_manager' успешно загружен и настроен.
2025-07-30 07:52:36.106 | DEBUG    | core.module_loader:_setup_single_module:325 - Импорт модуля 'youtube_downloader' через 'modules.youtube_downloader'...
2025-07-30 07:52:36.711 | INFO     | core.module_loader:_setup_single_module:332 - Вызов setup_module() для модуля 'youtube_downloader'...
2025-07-30 07:52:36.781 | INFO     | modules.youtube_downloader.web_server:start:48 - 📡 Веб-сервер для скачивания запущен: http://0.0.0.0:8080
2025-07-30 07:52:36.781 | INFO     | modules.youtube_downloader.web_server:start_download_server_if_needed:320 - ✅ Веб-сервер для скачивания готов к работе
2025-07-30 07:52:36.782 | INFO     | core.ui.registry_ui:register_module_entry:73 - UI-точка входа для модуля 'youtube_downloader' ('YouTube Загрузчик') успешно зарегистрирована. Требуемое разрешение для просмотра: 'youtube_downloader.access_user_features'.
2025-07-30 07:52:36.782 | SUCCESS  | core.module_loader:_setup_single_module:336 - ✅ Модуль 'youtube_downloader' успешно загружен и настроен.
2025-07-30 07:52:36.782 | INFO     | core.module_loader:initialize_and_setup_modules:365 - Настройка активных плагинов завершена.
2025-07-30 07:52:36.783 | INFO     | core.bot_entrypoint:run_sdb_bot:221 - 🧩 Загрузка плагинов из 'modules/': 2 из 2 активных успешно загружено.
2025-07-30 07:52:36.783 | DEBUG    | core.bot_entrypoint:run_sdb_bot:227 - Все роутеры (ядра, системные, плагины) зарегистрированы в Dispatcher.
2025-07-30 07:52:36.783 | DEBUG    | core.bot_entrypoint:_setup_bot_commands:67 - [CoreBotSetup] Начало установки команд бота в Telegram...
2025-07-30 07:52:36.884 | SUCCESS  | core.bot_entrypoint:_setup_bot_commands:100 - [CoreBotSetup] Установлено 5 команд бота в Telegram: ['start', 'help', 'notes', 'youtube', 'admin']
2025-07-30 07:52:36.936 | INFO     | core.bot_entrypoint:run_sdb_bot:304 - 📡 Запуск Telegram Bot Polling для @SwiftDev_Bot...
2025-07-30 07:52:36.988 | INFO     | core.bot_entrypoint:on_bot_startup:238 - ⚡ Событие startup для Dispatcher (бот: @SwiftDev_Bot)...
2025-07-30 07:52:36.989 | INFO     | core.admin_auto_setup:initialize:109 - 🔧 Проверка супер администратора...
2025-07-30 07:52:37.026 | INFO     | core.admin_auto_setup:ensure_super_admin_exists:76 - Создаю супер администратора с TG ID: 7847397229
2025-07-30 07:52:37.079 | DEBUG    | core.rbac.service:assign_role_to_user:400 - [ASSIGN_ROLE_TO_USER] Проверка связи для UserID: 1 (тип: <class 'int'>), RoleID: 3 (тип: <class 'int'>)
2025-07-30 07:52:37.084 | DEBUG    | core.rbac.service:assign_role_to_user:405 - [ASSIGN_ROLE_TO_USER] Результат scalar_one_or_none для UserID 1, RoleID 3: None (тип: <class 'NoneType'>)
2025-07-30 07:52:37.087 | INFO     | core.rbac.service:assign_role_to_user:413 - Роль 'Admin' (RoleID: 3) добавлена пользователю UserID: 1 (ожидает commit).
2025-07-30 07:52:37.110 | SUCCESS  | core.admin_auto_setup:ensure_super_admin_exists:100 - ✅ Супер администратор создан: TG ID 7847397229, DB ID 1
2025-07-30 07:52:37.110 | INFO     | core.admin_auto_setup:initialize:124 - ✅ Супер администратор готов к работе
2025-07-30 07:52:37.117 | INFO     | core.bot_entrypoint:on_bot_startup:258 - Фоновая очистка хешей callback_data запущена
2025-07-30 07:52:37.167 | INFO     | core.bot_entrypoint:on_bot_startup:262 - Webhook удален, ожидающие обновления сброшены.
2025-07-30 07:52:37.167 | SUCCESS  | core.bot_entrypoint:on_bot_startup:266 - ✅ Бот SDB @SwiftDev_Bot успешно запущен и готов к работе!
2025-07-30 07:52:42.725 | INFO     | core.users.service:process_user_on_start:127 - UserService.process_user_on_start для TG ID: 7847397229 (@SoverX_Admin_Groups)
2025-07-30 07:52:42.726 | INFO     | core.users.service:process_user_on_start:131 - Пользователь 7847397229 идентифицирован как Владелец системы.
2025-07-30 07:52:42.785 | INFO     | core.users.service:process_user_on_start:162 - Пользователь TG ID: 7847397229 (DB ID: 1) найден. Обновление данных...
2025-07-30 07:52:42.786 | INFO     | core.users.service:_update_existing_user_data:117 - Данные пользователя TG ID: 7847397229 (DB ID: 1) будут обновлены: {'username': ('super_admin_7847397229', 'SoverX_Admin_Groups'), 'first_name': ('Super', 'SoverX'), 'last_name': ('Admin', 'Admin Groups [^_]'), 'preferred_language_code': ('ru', 'en')}
2025-07-30 07:52:42.787 | INFO     | core.users.service:process_user_on_start:167 - Данные пользователя TG ID: 7847397229 отслеживаются сессией (изменения: True).
2025-07-30 07:52:42.839 | INFO     | core.rbac.service:remove_role_from_user:434 - Роль 'Admin' снята с пользователя 1 (ожидает commit).
2025-07-30 07:52:42.840 | INFO     | core.users.service:process_user_on_start:190 - UserService: ПЕРЕД session.commit() для TG ID 7847397229. Data changed: True, Dirty: IdentitySet([<User(id=1, tg_id=7847397229, name='SoverX Admin Groups [^_]')>]), New: IdentitySet([])
2025-07-30 07:52:42.874 | SUCCESS  | core.users.service:process_user_on_start:193 - UserService: ПОСЛЕ session.commit() для TG ID 7847397229.
2025-07-30 07:52:42.949 | DEBUG    | core.users.service:process_user_on_start:196 - Пользователь 1 обновлен из БД после коммита в UserService.
2025-07-30 07:52:42.954 | INFO     | core.ui.handlers_core_ui:handle_text_modules_list:157 - Пользователь 7847397229 нажал reply-кнопку 'Модули'
2025-07-30 07:52:45.162 | INFO     | core.users.service:process_user_on_start:127 - UserService.process_user_on_start для TG ID: 7847397229 (@SoverX_Admin_Groups)
2025-07-30 07:52:45.162 | INFO     | core.users.service:process_user_on_start:131 - Пользователь 7847397229 идентифицирован как Владелец системы.
2025-07-30 07:52:45.173 | INFO     | core.users.service:process_user_on_start:162 - Пользователь TG ID: 7847397229 (DB ID: 1) найден. Обновление данных...
2025-07-30 07:52:45.173 | INFO     | core.users.service:process_user_on_start:167 - Данные пользователя TG ID: 7847397229 отслеживаются сессией (изменения: False).
2025-07-30 07:52:45.177 | INFO     | core.users.service:process_user_on_start:190 - UserService: ПЕРЕД session.commit() для TG ID 7847397229. Data changed: False, Dirty: IdentitySet([<User(id=1, tg_id=7847397229, name='SoverX Admin Groups [^_]')>]), New: IdentitySet([])
2025-07-30 07:52:45.235 | SUCCESS  | core.users.service:process_user_on_start:193 - UserService: ПОСЛЕ session.commit() для TG ID 7847397229.
2025-07-30 07:52:45.288 | DEBUG    | core.users.service:process_user_on_start:196 - Пользователь 1 обновлен из БД после коммита в UserService.
2025-07-30 07:52:45.300 | INFO     | core.ui.handlers_core_ui:handle_text_profile:162 - Пользователь 7847397229 нажал reply-кнопку 'Профиль'
2025-07-30 07:52:47.453 | INFO     | core.users.service:process_user_on_start:127 - UserService.process_user_on_start для TG ID: 7847397229 (@SoverX_Admin_Groups)
2025-07-30 07:52:47.455 | INFO     | core.users.service:process_user_on_start:131 - Пользователь 7847397229 идентифицирован как Владелец системы.
2025-07-30 07:52:47.469 | INFO     | core.users.service:process_user_on_start:162 - Пользователь TG ID: 7847397229 (DB ID: 1) найден. Обновление данных...
2025-07-30 07:52:47.472 | INFO     | core.users.service:process_user_on_start:167 - Данные пользователя TG ID: 7847397229 отслеживаются сессией (изменения: False).
2025-07-30 07:52:47.472 | INFO     | core.users.service:process_user_on_start:190 - UserService: ПЕРЕД session.commit() для TG ID 7847397229. Data changed: False, Dirty: IdentitySet([<User(id=1, tg_id=7847397229, name='SoverX Admin Groups [^_]')>]), New: IdentitySet([])
2025-07-30 07:52:47.515 | SUCCESS  | core.users.service:process_user_on_start:193 - UserService: ПОСЛЕ session.commit() для TG ID 7847397229.
2025-07-30 07:52:47.562 | DEBUG    | core.users.service:process_user_on_start:196 - Пользователь 1 обновлен из БД после коммита в UserService.
2025-07-30 07:52:47.567 | INFO     | core.ui.handlers_core_ui:handle_text_admin_panel:239 - Пользователь 7847397229 нажал reply-кнопку 'Админ-панель'
2025-07-30 07:52:49.557 | INFO     | core.users.service:process_user_on_start:127 - UserService.process_user_on_start для TG ID: 7847397229 (@SoverX_Admin_Groups)
2025-07-30 07:52:49.557 | INFO     | core.users.service:process_user_on_start:131 - Пользователь 7847397229 идентифицирован как Владелец системы.
2025-07-30 07:52:49.567 | INFO     | core.users.service:process_user_on_start:162 - Пользователь TG ID: 7847397229 (DB ID: 1) найден. Обновление данных...
2025-07-30 07:52:49.570 | INFO     | core.users.service:process_user_on_start:167 - Данные пользователя TG ID: 7847397229 отслеживаются сессией (изменения: False).
2025-07-30 07:52:49.570 | INFO     | core.users.service:process_user_on_start:190 - UserService: ПЕРЕД session.commit() для TG ID 7847397229. Data changed: False, Dirty: IdentitySet([<User(id=1, tg_id=7847397229, name='SoverX Admin Groups [^_]')>]), New: IdentitySet([])
2025-07-30 07:52:49.604 | SUCCESS  | core.users.service:process_user_on_start:193 - UserService: ПОСЛЕ session.commit() для TG ID 7847397229.
2025-07-30 07:52:49.666 | DEBUG    | core.users.service:process_user_on_start:196 - Пользователь 1 обновлен из БД после коммита в UserService.
2025-07-30 07:52:49.668 | INFO     | core.admin.sys_info.handlers_sys_info:cq_admin_show_system_info_entry:66 - [AdminSysInfo] Пользователь 7847397229 запросил системную информацию.
2025-07-30 07:52:52.726 | INFO     | core.users.service:process_user_on_start:127 - UserService.process_user_on_start для TG ID: 7847397229 (@SoverX_Admin_Groups)
2025-07-30 07:52:52.726 | INFO     | core.users.service:process_user_on_start:131 - Пользователь 7847397229 идентифицирован как Владелец системы.
2025-07-30 07:52:52.756 | INFO     | core.users.service:process_user_on_start:162 - Пользователь TG ID: 7847397229 (DB ID: 1) найден. Обновление данных...
2025-07-30 07:52:52.757 | INFO     | core.users.service:process_user_on_start:167 - Данные пользователя TG ID: 7847397229 отслеживаются сессией (изменения: False).
2025-07-30 07:52:52.757 | INFO     | core.users.service:process_user_on_start:190 - UserService: ПЕРЕД session.commit() для TG ID 7847397229. Data changed: False, Dirty: IdentitySet([<User(id=1, tg_id=7847397229, name='SoverX Admin Groups [^_]')>]), New: IdentitySet([])
2025-07-30 07:52:52.801 | SUCCESS  | core.users.service:process_user_on_start:193 - UserService: ПОСЛЕ session.commit() для TG ID 7847397229.
2025-07-30 07:52:52.838 | DEBUG    | core.users.service:process_user_on_start:196 - Пользователь 1 обновлен из БД после коммита в UserService.
2025-07-30 07:52:52.840 | INFO     | core.admin.entry.handlers_entry:cq_admin_nav_to_main_admin_menu:80 - [AdminEntry] Пользователь 7847397229 вернулся в главное меню админ-панели.
2025-07-30 07:59:07.121 | INFO     | core.bot_entrypoint:on_bot_shutdown:278 - ⏳ Событие shutdown для Dispatcher. Начало остановки бота @SwiftDev_Bot...
2025-07-30 07:59:07.209 | INFO     | core.logging_manager:shutdown_logging:191 - Начало процедуры остановки LoggingManager...
2025-07-30 07:59:07.212 | INFO     | core.logging_manager:shutdown_logging:195 - Планировщик задач LoggingManager остановлен.
